INFO: loading config from /etc/shadowsocks/config.json
2018-06-13 13:28:02 INFO     loading libcrypto from libcrypto.so.10
2018/06/13 13:28:09 CONNECT github.com:443 2.952383192s
2018/06/13 13:28:14 CONNECT www.google.com:443 11.628758834s
2018/06/13 13:28:45 CONNECT fonts.gstatic.com:443 35.530217139s
2018/06/13 13:28:45 CONNECT id.google.com:443 35.530997608s
2018/06/13 13:28:45 CONNECT ssl.gstatic.com:443 35.532119428s
2018/06/13 13:28:58 CONNECT app.yinxiang.com:443 13.472486805s
2018/06/13 13:28:58 CONNECT app.yinxiang.com:443 13.570676226s
2018/06/13 13:28:59 CONNECT app.yinxiang.com:443 13.877920467s
2018/06/13 13:29:03 CONNECT app.yinxiang.com:443 17.6663841s
2018/06/13 13:29:05 CONNECT datacloud-us-east-1.tealiumiq.com:443 19.912886766s
2018/06/13 13:29:15 CONNECT datacloud-us-east-1.tealiumiq.com:443 29.722176522s
2018/06/13 13:30:08 CONNECT github.com:443 4.160278121s
2018/06/13 13:30:37 CONNECT mirrors.ustc.edu.cn:443 6.080189783s
2018/06/13 13:30:38 GET mirrors.aliyun.com 2.647721047s
2018/06/13 13:31:23 CONNECT mirrors.ustc.edu.cn:443 45.262970575s
2018/06/13 13:31:35 CONNECT mirrors.ustc.edu.cn:443 11.976380039s
2018/06/13 13:31:36 GET dl.google.com 1.024777592s
2018/06/13 13:31:36 context canceled
2018/06/13 13:31:36 GET mirror.li.nux.ro 166.264915ms
2018/06/13 13:31:37 context canceled
2018/06/13 13:31:37 GET li.nux.ro 662.73567ms
2018/06/13 13:31:38 context canceled
2018/06/13 13:31:38 GET mirror.math.princeton.edu 404.49546ms
2018/06/13 13:31:38 context canceled
2018/06/13 13:31:38 GET mirror.us.leaseweb.net 197.230604ms
2018/06/13 13:31:38 CONNECT mirrors.lug.mtu.edu:443 182.215516ms
2018/06/13 13:31:38 context canceled
2018/06/13 13:31:38 GET rpmfusion.spinellicreations.com 173.024494ms
2018/06/13 13:31:39 context canceled
2018/06/13 13:31:39 GET mirror.web-ster.com 615.027712ms
2018/06/13 13:31:39 CONNECT muug.ca:443 197.369951ms
2018/06/13 13:31:39 context canceled
2018/06/13 13:31:39 GET mirror.math.princeton.edu 163.550948ms
2018/06/13 13:31:40 context canceled
2018/06/13 13:31:40 GET mirror.us.leaseweb.net 498.068772ms
2018/06/13 13:31:40 CONNECT mirrors.lug.mtu.edu:443 29.014977ms
2018/06/13 13:31:40 context canceled
2018/06/13 13:31:40 GET rpmfusion.spinellicreations.com 30.436443ms
2018/06/13 13:31:40 context canceled
2018/06/13 13:31:40 GET mirror.web-ster.com 28.885041ms
2018/06/13 13:31:40 CONNECT muug.ca:443 25.73088ms
2018/06/13 13:31:40 context canceled
2018/06/13 13:31:40 GET www.scootersoftware.com 25.292111ms
2018/06/13 13:31:40 context canceled
2018/06/13 13:31:40 GET linux.teamviewer.com 27.662135ms
2018/06/13 13:31:40 CONNECT mirrors.ustc.edu.cn:443 27.583333ms
2018/06/13 13:31:51 CONNECT tags.tiqcdn.com:443 3m6.314485369s
2018/06/13 13:32:05 CONNECT clients1.google.com:443 4m1.629891845s
2018/06/13 13:32:14 CONNECT github.com:443 7.525330189s
2018/06/13 13:32:17 CONNECT adservice.google.com:443 4m3.898359903s
2018/06/13 13:32:43 CONNECT www.google.com:443 4m41.459248534s
